Change Physical Footprint: Designator=C1 Old Footprint=0603_CAP New Footprint=0603_CAP
Change Physical Footprint: Designator=C2 Old Footprint=0603_CAP New Footprint=0603_CAP
Change Physical Footprint: Designator=C3 Old Footprint=0805_CAP New Footprint=0805_CAP
Change Physical Footprint: Designator=C4 Old Footprint=0805_CAP New Footprint=0805_CAP
Change Physical Footprint: Designator=C5 Old Footprint=0603_CAP New Footprint=0603_CAP
Change Physical Footprint: Designator=C6 Old Footprint=6.60x6.60x8.00mm_E_CAP New Footprint=6.60x6.60x8.00mm_E_CAP
Change Physical Footprint: Designator=C7 Old Footprint=0805_CAP New Footprint=0805_CAP
Change Physical Footprint: Designator=C8 Old Footprint=0805_CAP New Footprint=0805_CAP
Change Physical Footprint: Designator=C9 Old Footprint=0805_CAP New Footprint=0805_CAP
Change Physical Footprint: Designator=C10 Old Footprint=0805_CAP New Footprint=0805_CAP
Change Physical Footprint: Designator=C11 Old Footprint=0805_CAP New Footprint=0805_CAP
Change Physical Footprint: Designator=C12 Old Footprint=0805_CAP New Footprint=0805_CAP
Change Physical Footprint: Designator=C13 Old Footprint=0805_CAP New Footprint=0805_CAP
Change Physical Footprint: Designator=C14 Old Footprint=0805_CAP New Footprint=0805_CAP
Change Physical Footprint: Designator=C15 Old Footprint=0805_CAP New Footprint=0805_CAP
Change Physical Footprint: Designator=C16 Old Footprint=0805_CAP New Footprint=0805_CAP
Change Physical Footprint: Designator=C17 Old Footprint=0805_CAP New Footprint=0805_CAP
Change Physical Footprint: Designator=C18 Old Footprint=0805_CAP New Footprint=0805_CAP
Change Physical Footprint: Designator=C19 Old Footprint=0805_CAP New Footprint=0805_CAP
Change Physical Footprint: Designator=C20 Old Footprint=0805_CAP New Footprint=0805_CAP
Change Physical Footprint: Designator=C21 Old Footprint=0603_CAP New Footprint=0603_CAP
Change Physical Footprint: Designator=C22 Old Footprint=0603_CAP New Footprint=0603_CAP
Change Physical Footprint: Designator=C23 Old Footprint=0603_CAP New Footprint=0603_CAP
Change Physical Footprint: Designator=D1 Old Footprint=0805_LED New Footprint=0805_LED
Change Physical Footprint: Designator=D2 Old Footprint=0805_LED New Footprint=0805_LED
Change Physical Footprint: Designator=D3 Old Footprint=0805_LED New Footprint=0805_LED
Change Physical Footprint: Designator=D4 Old Footprint=0805_LED New Footprint=0805_LED
Change Physical Footprint: Designator=F1 Old Footprint=1206_RES New Footprint=1206_RES
Change Physical Footprint: Designator=FB1 Old Footprint=0805_Ferrite New Footprint=0805_Ferrite
Change Physical Footprint: Designator=IC1 Old Footprint=LT8640SIVPBF New Footprint=LT8640SIVPBF
Change Physical Footprint: Designator=IC2 Old Footprint=SOT95P280X130-5N New Footprint=SOT95P280X130-5N
Change Physical Footprint: Designator=IC3 Old Footprint=QFN40P300X300X105-25N-D New Footprint=QFN40P300X300X105-25N-D
Change Physical Footprint: Designator=IC4 Old Footprint=SOT95P280X145-5N New Footprint=SOT95P280X145-5N
Change Physical Footprint: Designator=L1 Old Footprint=INDPM110100X400N New Footprint=INDPM110100X400N
Change Physical Footprint: Designator=Q1 Old Footprint=SOT95P240X120-3N New Footprint=SOT95P240X120-3N
Change Physical Footprint: Designator=Q2 Old Footprint=SOT95P240X120-3N New Footprint=SOT95P240X120-3N
Change Physical Footprint: Designator=Q3 Old Footprint=SOT95P240X120-3N New Footprint=SOT95P240X120-3N
Change Physical Footprint: Designator=Q4 Old Footprint=SOT95P240X120-3N New Footprint=SOT95P240X120-3N
Change Physical Footprint: Designator=R1 Old Footprint=0805_RES New Footprint=0805_RES
Change Physical Footprint: Designator=R2 Old Footprint=0805_RES New Footprint=0805_RES
Change Physical Footprint: Designator=R3 Old Footprint=0805_RES New Footprint=0805_RES
Change Physical Footprint: Designator=R4 Old Footprint=0603_RES New Footprint=0603_RES
Change Physical Footprint: Designator=R5 Old Footprint=0603_RES New Footprint=0603_RES
Change Physical Footprint: Designator=R6 Old Footprint=0805_RES New Footprint=0805_RES
Change Physical Footprint: Designator=R7 Old Footprint=0603_RES New Footprint=0603_RES
Change Physical Footprint: Designator=R8 Old Footprint=0805_RES New Footprint=0805_RES
Change Physical Footprint: Designator=R9 Old Footprint=0805_RES New Footprint=0805_RES
Change Physical Footprint: Designator=R10 Old Footprint=0805_RES New Footprint=0805_RES
Change Physical Footprint: Designator=R11 Old Footprint=0603_RES New Footprint=0603_RES
Change Physical Footprint: Designator=R12 Old Footprint=0603_RES New Footprint=0603_RES
Change Physical Footprint: Designator=R13 Old Footprint=0603_RES New Footprint=0603_RES
Change Physical Footprint: Designator=R14 Old Footprint=0603_RES New Footprint=0603_RES
Change Physical Footprint: Designator=R15 Old Footprint=0603_RES New Footprint=0603_RES
Change Physical Footprint: Designator=R16 Old Footprint=0603_RES New Footprint=0603_RES
Change Physical Footprint: Designator=R17 Old Footprint=0603_RES New Footprint=0603_RES
Change Physical Footprint: Designator=R18 Old Footprint=0603_RES New Footprint=0603_RES
Change Physical Footprint: Designator=R19 Old Footprint=0603_RES New Footprint=0603_RES
Change Physical Footprint: Designator=R20 Old Footprint=0603_RES New Footprint=0603_RES
Change Physical Footprint: Designator=R21 Old Footprint=35WR New Footprint=35WR
Change Physical Footprint: Designator=R22 Old Footprint=0805_RES New Footprint=0805_RES
Change Physical Footprint: Designator=R23 Old Footprint=0805_RES New Footprint=0805_RES
Change Physical Footprint: Designator=R24 Old Footprint=0805_RES New Footprint=0805_RES
Change Physical Footprint: Designator=S1 Old Footprint=6mmTactileSwitch_ThroughHole New Footprint=6mmTactileSwitch_ThroughHole
Change Physical Footprint: Designator=S2 Old Footprint=DS04254201BKSMTTR New Footprint=DS04254201BKSMTTR
Change Physical Footprint: Designator=U1 Old Footprint=DPAK3_TO-252-3 New Footprint=DPAK3_TO-252-3
Change Physical Footprint: Designator=U2 Old Footprint=QFP50P1200X1200X160-64N New Footprint=QFP50P1200X1200X160-64N
Change Physical Footprint: Designator=X1 Old Footprint=GenericPinHeader(.1in) New Footprint=GenericPinHeader(.1in)
Change Physical Footprint: Designator=X2 Old Footprint=GenericPinHeader(.1in) New Footprint=GenericPinHeader(.1in)
Change Physical Footprint: Designator=X3 Old Footprint=GenericPinHeader(.1in) New Footprint=GenericPinHeader(.1in)
Change Physical Footprint: Designator=X4 Old Footprint=XT30PWM New Footprint=XT30PWM
Change Physical Footprint: Designator=X5 Old Footprint=AMPHENOL_12402012E212A New Footprint=AMPHENOL_12402012E212A
Change Physical Footprint: Designator=X6 Old Footprint=GenericPinHeader(.1in) New Footprint=GenericPinHeader(.1in)
Change Physical Footprint: Designator=X7 Old Footprint=GenericPinHeader(.1in) New Footprint=GenericPinHeader(.1in)
Change Physical Footprint: Designator=X8 Old Footprint=GenericPinHeader(.1in) New Footprint=GenericPinHeader(.1in)
Change Physical Footprint: Designator=X9 Old Footprint=GenericPinHeader(.1in) New Footprint=GenericPinHeader(.1in)
Change Physical Footprint: Designator=X10 Old Footprint=GenericPinHeader(.1in) New Footprint=GenericPinHeader(.1in)
Change Physical Footprint: Designator=X11 Old Footprint=HeaderPad New Footprint=HeaderPad
Change Physical Footprint: Designator=X12 Old Footprint=GenericPinHeader(.1in) New Footprint=GenericPinHeader(.1in)
Change Physical Footprint: Designator=X13 Old Footprint=GenericPinHeader(.1in) New Footprint=GenericPinHeader(.1in)
Change Physical Footprint: Designator=X14 Old Footprint=GenericPinHeader(.1in) New Footprint=GenericPinHeader(.1in)
Change Physical Footprint: Designator=X15 Old Footprint=GenericPinHeader(.1in) New Footprint=GenericPinHeader(.1in)
Change Physical Footprint: Designator=X16 Old Footprint=GenericPinHeader(.1in) New Footprint=GenericPinHeader(.1in)
Change Physical Footprint: Designator=X17 Old Footprint=HeaderPad New Footprint=HeaderPad
Change Physical Footprint: Designator=X18 Old Footprint=GenericPinHeader(.1in) New Footprint=GenericPinHeader(.1in)
Change Physical Footprint: Designator=X19 Old Footprint=GenericPinHeader(.1in) New Footprint=GenericPinHeader(.1in)
Change Physical Footprint: Designator=X20 Old Footprint=GenericPinHeader(.1in) New Footprint=GenericPinHeader(.1in)
Change Physical Footprint: Designator=X21 Old Footprint=GenericPinHeader(.1in) New Footprint=GenericPinHeader(.1in)
Change Physical Footprint: Designator=X22 Old Footprint=GenericPinHeader(.1in) New Footprint=GenericPinHeader(.1in)
Change Physical Footprint: Designator=X23 Old Footprint=GenericPinHeader(.1in) New Footprint=GenericPinHeader(.1in)
Change Physical Footprint: Designator=X24 Old Footprint=GenericPinHeader(.1in) New Footprint=GenericPinHeader(.1in)
Change Physical Footprint: Designator=X25 Old Footprint=GenericPinHeader(.1in) New Footprint=GenericPinHeader(.1in)
Change Physical Footprint: Designator=X26 Old Footprint=GenericPinHeader(.1in) New Footprint=GenericPinHeader(.1in)
Change Physical Footprint: Designator=Y1 Old Footprint=ABM7 New Footprint=ABM7
