Removed Member From Class: ClassName=MCU_Extras Member=C11
Removed Member From Class: ClassName=IMU Member=R18
Removed Member From Class: ClassName=MCU_Extras Member=R23
Removed Member From Class: ClassName=MCU_Extras Member=R24
Removed Member From Class: ClassName=MCU Member=X12
Removed Member From Class: ClassName=MCU_Extras Member=X14
Removed Member From Class: ClassName=MCU Member=X?
Change Component Designator: OldDesignator=C1 NewDesignator=C5
Change Component Designator: OldDesignator=C2 NewDesignator=C1
Change Component Designator: OldDesignator=C3 NewDesignator=C7
Change Component Designator: OldDesignator=C4 NewDesignator=C11
Change Component Designator: OldDesignator=C5 NewDesignator=C2
Change Component Designator: OldDesignator=C6 NewDesignator=C12
Change Component Designator: OldDesignator=C7 NewDesignator=C13
Change Component Designator: OldDesignator=C8 NewDesignator=C21
Change Component Designator: OldDesignator=C9 NewDesignator=C22
Change Component Designator: OldDesignator=C10 NewDesignator=C23
Change Component Designator: OldDesignator=C11 NewDesignator=C3
Change Component Designator: OldDesignator=C12 NewDesignator=C4
Change Component Designator: OldDesignator=C13 NewDesignator=C6
Change Component Designator: OldDesignator=C17 NewDesignator=C8
Change Component Designator: OldDesignator=C18 NewDesignator=C9
Change Component Designator: OldDesignator=C19 NewDesignator=C10
Change Component Designator: OldDesignator=C20 NewDesignator=C17
Change Component Designator: OldDesignator=C21 NewDesignator=C18
Change Component Designator: OldDesignator=C22 NewDesignator=C19
Change Component Designator: OldDesignator=C23 NewDesignator=C20
Change Component Designator: OldDesignator=D2 NewDesignator=D1
Change Component Designator: OldDesignator=D3 NewDesignator=D2
Change Component Designator: OldDesignator=D5 NewDesignator=D4
Change Component Designator: OldDesignator=D6 NewDesignator=D3
Change Component Designator: OldDesignator=IC2 NewDesignator=IC1
Change Component Designator: OldDesignator=IC4 NewDesignator=IC2
Change Component Designator: OldDesignator=IC5 NewDesignator=IC3
Change Component Designator: OldDesignator=Q3 NewDesignator=Q4
Change Component Designator: OldDesignator=Q4 NewDesignator=Q3
Change Component Designator: OldDesignator=R1 NewDesignator=R7
Change Component Designator: OldDesignator=R2 NewDesignator=R4
Change Component Designator: OldDesignator=R3 NewDesignator=R5
Change Component Designator: OldDesignator=R4 NewDesignator=R10
Change Component Designator: OldDesignator=R5 NewDesignator=R11
Change Component Designator: OldDesignator=R6 NewDesignator=R18
Change Component Designator: OldDesignator=R7 NewDesignator=R1
Change Component Designator: OldDesignator=R8 NewDesignator=R2
Change Component Designator: OldDesignator=R9 NewDesignator=R3
Change Component Designator: OldDesignator=R10 NewDesignator=R19
Change Component Designator: OldDesignator=R14 NewDesignator=R13
Change Component Designator: OldDesignator=R15 NewDesignator=R14
Change Component Designator: OldDesignator=R16 NewDesignator=R17
Change Component Designator: OldDesignator=R17 NewDesignator=R15
Change Component Designator: OldDesignator=R18 NewDesignator=R16
Change Component Designator: OldDesignator=R19 NewDesignator=R12
Change Component Designator: OldDesignator=R21 NewDesignator=R6
Change Component Designator: OldDesignator=R23 NewDesignator=R8
Change Component Designator: OldDesignator=R24 NewDesignator=R9
Change Component Designator: OldDesignator=R27 NewDesignator=R20
Change Component Designator: OldDesignator=U1 NewDesignator=U2
Change Component Designator: OldDesignator=U2 NewDesignator=U1
Change Component Designator: OldDesignator=X1 NewDesignator=X4
Change Component Designator: OldDesignator=X2 NewDesignator=X17
Change Component Designator: OldDesignator=X3 NewDesignator=X15
Change Component Designator: OldDesignator=X4 NewDesignator=X7
Change Component Designator: OldDesignator=X5 NewDesignator=X8
Change Component Designator: OldDesignator=X6 NewDesignator=X10
Change Component Designator: OldDesignator=X7 NewDesignator=X12
Change Component Designator: OldDesignator=X8 NewDesignator=X13
Change Component Designator: OldDesignator=X9 NewDesignator=X14
Change Component Designator: OldDesignator=X10 NewDesignator=X5
Change Component Designator: OldDesignator=X11 NewDesignator=X9
Change Component Designator: OldDesignator=X12 NewDesignator=X11
Change Component Designator: OldDesignator=X14 NewDesignator=X1
Change Component Designator: OldDesignator=X15 NewDesignator=X2
Change Component Designator: OldDesignator=X16 NewDesignator=X3
Change Component Designator: OldDesignator=X17 NewDesignator=X16
Change Component Designator: OldDesignator=X? NewDesignator=X6
Added Pin To Net: NetName=IMU_INT Pin=U2-57
Change Net Name : Old Net Name=NetC1_2 New Net Name=NetC5_2
Change Net Name : Old Net Name=NetC2_2 New Net Name=NetC1_2
Change Net Name : Old Net Name=NetC5_1 New Net Name=NetC2_1
Change Net Name : Old Net Name=NetC5_2 New Net Name=NetC2_2
Change Net Name : Old Net Name=NetC18_2 New Net Name=NetC9_2
Change Net Name : Old Net Name=NetC23_1 New Net Name=NetC20_1
Change Net Name : Old Net Name=NetD2_1 New Net Name=NetD1_1
Change Net Name : Old Net Name=NetD3_1 New Net Name=NetD2_1
Change Net Name : Old Net Name=NetD5_1 New Net Name=NetD4_1
Change Net Name : Old Net Name=NetD5_2 New Net Name=NetD4_2
Change Net Name : Old Net Name=NetD6_1 New Net Name=NetD3_1
Change Net Name : Old Net Name=NetIC2_8 New Net Name=NetIC1_8
Change Net Name : Old Net Name=NetIC2_18 New Net Name=NetIC1_18
Change Net Name : Old Net Name=NetR5_2 New Net Name=NetR11_2
Change Net Name : Old Net Name=NetR19_2 New Net Name=NetR12_2
Change Net Name : Old Net Name=NetR21_2 New Net Name=NetR6_2
Change Net Name : Old Net Name=NetR23_2 New Net Name=NetR8_2
Change Net Name : Old Net Name=NetR24_2 New Net Name=NetR9_2
Change Net Name : Old Net Name=NetU1_1 New Net Name=NetU2_1
Change Net Name : Old Net Name=NetX11_1 New Net Name=NetX6_4
Change Net Name : Old Net Name=NetX12_1 New Net Name=NetX6_3
Added Member To Class: ClassName=MCU_Extras Member=Component C7 Capacitor
Added Member To Class: ClassName=MCU_Extras Member=Component R5 Resistor
Added Member To Class: ClassName=MCU_Extras Member=Component R10 Resistor
Added Member To Class: ClassName=IMU Member=Component R17 Resistor
Added Member To Class: ClassName=MCU_Extras Member=Component X4 XT30PW-M
Added Member To Class: ClassName=MCU Member=Component X10 GenericPinHeader(0.1in)
Added Member To Class: ClassName=MCU Member=Component X14 GenericPinHeader(0.1in)
