Removed Pin From Net: NetName=GND Pin=C2-2
Removed Pin From Net: NetName=GND Pin=C5-2
Removed Pin From Net: NetName=GND Pin=D5-2
Removed Pin From Net: NetName=USART2_TX Pin=IC3-1
Removed Pin From Net: NetName=USART2_RX Pin=IC3-4
Removed Pin From Net: NetName=+1.8V Pin=R16-2
Removed Pin From Net: NetName=GND Pin=X10-A1
Removed Pin From Net: NetName=NetC5_1 Pin=X10-A4
Removed Pin From Net: NetName=NetC5_1 Pin=X10-A9
Removed Pin From Net: NetName=GND Pin=X10-A12
Removed Pin From Net: NetName=GND Pin=X10-B1
Removed Pin From Net: NetName=NetC5_1 Pin=X10-B4
Removed Pin From Net: NetName=NetC5_1 Pin=X10-B9
Removed Pin From Net: NetName=GND Pin=X10-B12
Removed Pin From Net: NetName=GND Pin=X10-MH1
Removed Pin From Net: NetName=GND Pin=X10-MH2
Removed Pin From Net: NetName=GND Pin=X10-MH3
Removed Pin From Net: NetName=GND Pin=X10-MH4
Removed Pin From Net: NetName=+5 Pin=X15-1
Change Component Footprint: Designator=C2 Old Footprint=6.60x6.60x8.00mm_E_CAP New Footprint=0603_CAP
Change Component Footprint: Designator=X10 Old Footprint=USB405603A New Footprint=AMPHENOL_12402012E212A
Change Component Comment : Designator=L1 Old Comment=SRP1038CC-4R7M New Comment=SRP1038CC-3R3M
Change Component Comment : Designator=X10 Old Comment=USB4056-03-A New Comment=USB-C 2.0
Change Component Comment : Designator=C2 Old Comment=UWT1H470MCL1GS New Comment=Capacitor
Change component parameters: Designator = "C2" ("C2"); Footprint = "6.60x6.60x8.00mm_E_CAP"; UniqueID = "\NEPSCRLB" ("\NEPSCRLB")
Change component parameters (AddParameter): Name = "Dielectric"; Value = ""; VariantName = "[No Variations]"
Change component parameters (AddParameter): Name = "ESR"; Value = ""; VariantName = "[No Variations]"
Change component parameters (AddParameter): Name = "Percent Tolerance"; Value = ""; VariantName = "[No Variations]"
Change component parameters (AddParameter): Name = "Value"; Value = "1u"; VariantName = "[No Variations]"
Change component parameters (AddParameter): Name = "Voltage"; Value = "16V"; VariantName = "[No Variations]"
Change component parameters: Designator = "C5" ("C5"); Footprint = "0603_CAP"; UniqueID = "\PDIXYSSP" ("\PDIXYSSP")
Change component parameters (AddParameter): Name = "Dielectric"; Value = ""; VariantName = "[No Variations]"
Change component parameters (AddParameter): Name = "ESR"; Value = ""; VariantName = "[No Variations]"
Change component parameters (AddParameter): Name = "Percent Tolerance"; Value = ""; VariantName = "[No Variations]"
Change component parameters (AddParameter): Name = "Value"; Value = "1u"; VariantName = "[No Variations]"
Change component parameters (AddParameter): Name = "Voltage"; Value = "16V"; VariantName = "[No Variations]"
Change component parameters: Designator = "L1" ("L1"); Footprint = "INDPM110100X400N"; UniqueID = "\TKFILCHU" ("\TKFILCHU")
Change component parameters (AddParameter): Name = "Arrow Part Number"; Value = ""; VariantName = "[No Variations]"
Change component parameters (AddParameter): Name = "Arrow Price/Stock"; Value = ""; VariantName = "[No Variations]"
Change component parameters (AddParameter): Name = "Datasheet Link"; Value = "https://www.digikey.com/en/products/detail/bourns-inc/SRP1038CC-3R3M/21263957?s=N4IgTCBcDaIMoCUAKBGADAZgBwGEcFoMEMBZEAXQF8g"; VariantName = "[No Variations]"
Change component parameters (AddParameter): Name = "Height"; Value = "4mm"; VariantName = "[No Variations]"
Change component parameters (AddParameter): Name = "Manufacturer_Name"; Value = "Bourns"; VariantName = "[No Variations]"
Change component parameters (AddParameter): Name = "Manufacturer_Part_Number"; Value = "SRP1038CC-4R7M"; VariantName = "[No Variations]"
Change component parameters (AddParameter): Name = "Mouser Part Number"; Value = ""; VariantName = "[No Variations]"
Change component parameters (AddParameter): Name = "Mouser Price/Stock"; Value = ""; VariantName = "[No Variations]"
Change component parameters: Designator = "R9" ("R9"); Footprint = "0805_RES"; UniqueID = "\TWYWTHWP" ("\TWYWTHWP")
Change component parameters (AddParameter): Name = "Tolerance"; Value = ""; VariantName = "[No Variations]"
Change component parameters (AddParameter): Name = "Value"; Value = "234k"; VariantName = "[No Variations]"
Change component parameters: Designator = "R16" ("R16"); Footprint = "0603_RES"; UniqueID = "\JJJQHOBM" ("\JJJQHOBM")
Change component parameters (AddParameter): Name = "Tolerance"; Value = ""; VariantName = "[No Variations]"
Change component parameters (AddParameter): Name = "Value"; Value = "20"; VariantName = "[No Variations]"
Change component parameters: Designator = "X10" ("X10"); Footprint = "USB405603A"; UniqueID = "\GVMJBHVW" ("\GVMJBHVW")
Change component parameters (AddParameter): Name = "Availability"; Value = "Unavailable"; VariantName = "[No Variations]"
Change component parameters (AddParameter): Name = "MF"; Value = "{'manufacturer': u'Amphenol'}"; VariantName = "[No Variations]"
Change component parameters (AddParameter): Name = "MP"; Value = "12402012E212A"; VariantName = "[No Variations]"
Change component parameters (AddParameter): Name = "Package"; Value = "None"; VariantName = "[No Variations]"
Change component parameters (AddParameter): Name = "Price"; Value = "None"; VariantName = "[No Variations]"
Change component parameters (AddParameter): Name = "Value"; Value = ""; VariantName = "[No Variations]"
Added Component: Designator=C11(0805_CAP)
Add component (AddParameter): Name = "Dielectric"; Value = ""; VariantName = "[No Variations]"
Add component (AddParameter): Name = "ESR"; Value = ""; VariantName = "[No Variations]"
Add component (AddParameter): Name = "Percent Tolerance"; Value = ""; VariantName = "[No Variations]"
Add component (AddParameter): Name = "Value"; Value = "10u"; VariantName = "[No Variations]"
Add component (AddParameter): Name = "Voltage"; Value = "16V"; VariantName = "[No Variations]"
Added Component: Designator=C12(0805_CAP)
Add component (AddParameter): Name = "Dielectric"; Value = ""; VariantName = "[No Variations]"
Add component (AddParameter): Name = "ESR"; Value = ""; VariantName = "[No Variations]"
Add component (AddParameter): Name = "Percent Tolerance"; Value = ""; VariantName = "[No Variations]"
Add component (AddParameter): Name = "Value"; Value = "10u"; VariantName = "[No Variations]"
Add component (AddParameter): Name = "Voltage"; Value = "16V"; VariantName = "[No Variations]"
Added Component: Designator=C13(6.60x6.60x8.00mm_E_CAP)
Add component (AddParameter): Name = "ComponentLink1Description"; Value = "Digikey"; VariantName = "[No Variations]"
Add component (AddParameter): Name = "ComponentLink1URL"; Value = "https://www.digikey.com/en/products/detail/w%C3%BCrth-elektronik/865080343009/5728014"; VariantName = "[No Variations]"
Add component (AddParameter): Name = "Dielectric"; Value = ""; VariantName = "[No Variations]"
Add component (AddParameter): Name = "ESR"; Value = ""; VariantName = "[No Variations]"
Add component (AddParameter): Name = "Percent Tolerance"; Value = "20"; VariantName = "[No Variations]"
Add component (AddParameter): Name = "Value"; Value = "100u"; VariantName = "[No Variations]"
Added Component: Designator=Q3(SOT95P240X120-3N)
Add component (AddParameter): Name = "Arrow Part Number"; Value = "BSS138"; VariantName = "[No Variations]"
Add component (AddParameter): Name = "Arrow Price/Stock"; Value = "https://www.arrow.com/en/products/bss138/on-semiconductor"; VariantName = "[No Variations]"
Add component (AddParameter): Name = "Datasheet Link"; Value = "https://www.onsemi.com/pub/Collateral/BSS138-D.PDF"; VariantName = "[No Variations]"
Add component (AddParameter): Name = "Height"; Value = "1.2mm"; VariantName = "[No Variations]"
Add component (AddParameter): Name = "Manufacturer_Name"; Value = "onsemi"; VariantName = "[No Variations]"
Add component (AddParameter): Name = "Manufacturer_Part_Number"; Value = "BSS138"; VariantName = "[No Variations]"
Add component (AddParameter): Name = "Mouser Part Number"; Value = "512-BSS138"; VariantName = "[No Variations]"
Add component (AddParameter): Name = "Mouser Price/Stock"; Value = "https://www.mouser.co.uk/ProductDetail/onsemi-Fairchild/BSS138?qs=HK%252BeIG1iaahCeqBvjB4arg%3D%3D"; VariantName = "[No Variations]"
Added Component: Designator=R20(0603_RES)
Add component (AddParameter): Name = "Tolerance"; Value = ""; VariantName = "[No Variations]"
Add component (AddParameter): Name = "Value"; Value = "0"; VariantName = "[No Variations]"
Added Component: Designator=R21(0805_RES)
Add component (AddParameter): Name = "Tolerance"; Value = ""; VariantName = "[No Variations]"
Add component (AddParameter): Name = "Value"; Value = "1M"; VariantName = "[No Variations]"
Added Component: Designator=R22(0603_RES)
Add component (AddParameter): Name = "Tolerance"; Value = ""; VariantName = "[No Variations]"
Add component (AddParameter): Name = "Value"; Value = "0"; VariantName = "[No Variations]"
Added Component: Designator=R23(0805_RES)
Add component (AddParameter): Name = "Tolerance"; Value = ""; VariantName = "[No Variations]"
Add component (AddParameter): Name = "Value"; Value = "5.1k"; VariantName = "[No Variations]"
Added Component: Designator=R24(0805_RES)
Add component (AddParameter): Name = "Tolerance"; Value = ""; VariantName = "[No Variations]"
Add component (AddParameter): Name = "Value"; Value = "5.1k"; VariantName = "[No Variations]"
Added Component: Designator=R25(0805_RES)
Add component (AddParameter): Name = "Tolerance"; Value = ""; VariantName = "[No Variations]"
Add component (AddParameter): Name = "Value"; Value = "47k"; VariantName = "[No Variations]"
Added Component: Designator=R26(0805_RES)
Add component (AddParameter): Name = "Tolerance"; Value = ""; VariantName = "[No Variations]"
Add component (AddParameter): Name = "Value"; Value = "10k"; VariantName = "[No Variations]"
Added Component: Designator=R27(0603_RES)
Add component (AddParameter): Name = "Tolerance"; Value = ""; VariantName = "[No Variations]"
Add component (AddParameter): Name = "Value"; Value = "10k"; VariantName = "[No Variations]"
Added Pin To Net: NetName=+5 Pin=C11-1
Added Pin To Net: NetName=GND Pin=C11-2
Added Pin To Net: NetName=+3V3 Pin=C12-1
Added Pin To Net: NetName=GND Pin=C12-2
Added Pin To Net: NetName=+5 Pin=C13-1
Added Pin To Net: NetName=GND Pin=C13-2
Added Pin To Net: NetName=+3V3 Pin=IC3-12
Added Pin To Net: NetName=+1.8V Pin=Q3-1
Added Pin To Net: NetName=GND Pin=Q3-2
Added Pin To Net: NetName=+3V3 Pin=R16-2
Added Pin To Net: NetName=USART2_TX Pin=R20-2
Added Pin To Net: NetName=GND Pin=R21-1
Added Pin To Net: NetName=USART2_RX Pin=R22-2
Added Pin To Net: NetName=GND Pin=R23-1
Added Pin To Net: NetName=GND Pin=R24-1
Added Pin To Net: NetName=GND Pin=R26-1
Added Pin To Net: NetName=GND Pin=R27-1
Added Pin To Net: NetName=+1.8V Pin=R27-2
Added Pin To Net: NetName=GND Pin=X10-A1_B12
Added Pin To Net: NetName=GND Pin=X10-B1_A12
Added Pin To Net: NetName=NetC6_1 Pin=X10-B6
Added Pin To Net: NetName=NetC7_1 Pin=X10-B7
Added Pin To Net: NetName=NetC2_2 Pin=C2-2
Added Pin To Net: NetName=NetC2_2 Pin=FB1-2
Added Net: Name=NetC2_2
Added Pin To Net: NetName=NetC5_2 Pin=C5-2
Added Pin To Net: NetName=NetC5_2 Pin=X15-1
Added Net: Name=NetC5_2
Added Pin To Net: NetName=NetD5_2 Pin=D5-2
Added Pin To Net: NetName=NetD5_2 Pin=Q3-3
Added Net: Name=NetD5_2
Added Pin To Net: NetName=NetIC3_1 Pin=IC3-1
Added Pin To Net: NetName=NetIC3_1 Pin=R20-1
Added Net: Name=NetIC3_1
Added Pin To Net: NetName=NetIC3_4 Pin=IC3-4
Added Pin To Net: NetName=NetIC3_4 Pin=R22-1
Added Net: Name=NetIC3_4
Added Pin To Net: NetName=NetIC3_16 Pin=IC3-16
Added Pin To Net: NetName=NetIC3_16 Pin=R25-1
Added Pin To Net: NetName=NetIC3_16 Pin=R26-2
Added Net: Name=NetIC3_16
Added Pin To Net: NetName=NetR21_2 Pin=R21-2
Added Pin To Net: NetName=NetR21_2 Pin=X10-SH1
Added Pin To Net: NetName=NetR21_2 Pin=X10-SH2
Added Pin To Net: NetName=NetR21_2 Pin=X10-SH3
Added Pin To Net: NetName=NetR21_2 Pin=X10-SH4
Added Net: Name=NetR21_2
Added Pin To Net: NetName=NetR23_2 Pin=R23-2
Added Pin To Net: NetName=NetR23_2 Pin=X10-B5
Added Net: Name=NetR23_2
Added Pin To Net: NetName=NetR24_2 Pin=R24-2
Added Pin To Net: NetName=NetR24_2 Pin=X10-A5
Added Net: Name=NetR24_2
Added Pin To Net: NetName=NetR25_2 Pin=R25-2
Added Pin To Net: NetName=NetR25_2 Pin=X10-A4_B9
Added Pin To Net: NetName=NetR25_2 Pin=X10-B4_A9
Added Net: Name=NetR25_2
Added Member To Class: ClassName=MCU_Extras Member=Component C11 Capacitor
Added Member To Class: ClassName=MCU_Extras Member=Component C12 Capacitor
Added Member To Class: ClassName=MCU_Extras Member=Component C13 865080343009
Added Member To Class: ClassName=IMU Member=Component Q3 BSS138
Added Member To Class: ClassName=MCU_Extras Member=Component R20 Resistor
Added Member To Class: ClassName=MCU_Extras Member=Component R21 Resistor
Added Member To Class: ClassName=MCU_Extras Member=Component R22 Resistor
Added Member To Class: ClassName=MCU_Extras Member=Component R23 Resistor
Added Member To Class: ClassName=MCU_Extras Member=Component R24 Resistor
Added Member To Class: ClassName=MCU_Extras Member=Component R25 Resistor
Added Member To Class: ClassName=MCU_Extras Member=Component R26 Resistor
Added Member To Class: ClassName=IMU Member=Component R27 Resistor
