Change Physical Footprint: Designator=C1 Old Footprint=0603_CAP New Footprint=0603_CAP
Change Physical Footprint: Designator=C2 Old Footprint=0603_CAP New Footprint=0603_CAP
Change Physical Footprint: Designator=C3 Old Footprint=0805_CAP New Footprint=0805_CAP
Change Physical Footprint: Designator=C4 Old Footprint=0805_CAP New Footprint=0805_CAP
Change Physical Footprint: Designator=C5 Old Footprint=0805_CAP New Footprint=0805_CAP
Change Physical Footprint: Designator=C6 Old Footprint=0603_CAP New Footprint=0603_CAP
Change Physical Footprint: Designator=C7 Old Footprint=0603_CAP New Footprint=0603_CAP
Change Physical Footprint: Designator=C8 Old Footprint=0603_CAP New Footprint=0603_CAP
Change Physical Footprint: Designator=C9 Old Footprint=0603_CAP New Footprint=0603_CAP
Change Physical Footprint: Designator=C10 Old Footprint=0603_CAP New Footprint=0603_CAP
Change Physical Footprint: Designator=C11 Old Footprint=0603_CAP New Footprint=0603_CAP
Change Physical Footprint: Designator=C12 Old Footprint=0603_CAP New Footprint=0603_CAP
Change Physical Footprint: Designator=C13 Old Footprint=0603_CAP New Footprint=0603_CAP
Change Physical Footprint: Designator=C14 Old Footprint=0603_CAP New Footprint=0603_CAP
Change Physical Footprint: Designator=C15 Old Footprint=0603_CAP New Footprint=0603_CAP
Change Physical Footprint: Designator=C16 Old Footprint=0603_CAP New Footprint=0603_CAP
Change Physical Footprint: Designator=C17 Old Footprint=0603_CAP New Footprint=0603_CAP
Change Physical Footprint: Designator=C18 Old Footprint=0603_CAP New Footprint=0603_CAP
Change Physical Footprint: Designator=C19 Old Footprint=0603_CAP New Footprint=0603_CAP
Change Physical Footprint: Designator=C20 Old Footprint=0603_CAP New Footprint=0603_CAP
Change Physical Footprint: Designator=C21 Old Footprint=0603_CAP New Footprint=0603_CAP
Change Physical Footprint: Designator=C22 Old Footprint=0603_CAP New Footprint=0603_CAP
Change Physical Footprint: Designator=C23 Old Footprint=0603_CAP New Footprint=0603_CAP
Change Physical Footprint: Designator=C24 Old Footprint=0603_CAP New Footprint=0603_CAP
Change Physical Footprint: Designator=C25 Old Footprint=0603_CAP New Footprint=0603_CAP
Change Physical Footprint: Designator=C26 Old Footprint=0603_CAP New Footprint=0603_CAP
Change Physical Footprint: Designator=C27 Old Footprint=0603_CAP New Footprint=0603_CAP
Change Physical Footprint: Designator=C28 Old Footprint=0603_CAP New Footprint=0603_CAP
Change Physical Footprint: Designator=C29 Old Footprint=0603_CAP New Footprint=0603_CAP
Change Physical Footprint: Designator=C30 Old Footprint=0603_CAP New Footprint=0603_CAP
Change Physical Footprint: Designator=C31 Old Footprint=0603_CAP New Footprint=0603_CAP
Change Physical Footprint: Designator=C32 Old Footprint=0603_CAP New Footprint=0603_CAP
Change Physical Footprint: Designator=C33 Old Footprint=0603_CAP New Footprint=0603_CAP
Change Physical Footprint: Designator=C34 Old Footprint=0805_CAP New Footprint=0805_CAP
Change Physical Footprint: Designator=C35 Old Footprint=0805_CAP New Footprint=0805_CAP
Change Physical Footprint: Designator=C36 Old Footprint=1210_CAP New Footprint=1210_CAP
Change Physical Footprint: Designator=C37 Old Footprint=1210_CAP New Footprint=1210_CAP
Change Physical Footprint: Designator=C38 Old Footprint=6.60x6.60x8.00mm_E_CAP New Footprint=6.60x6.60x8.00mm_E_CAP
Change Physical Footprint: Designator=C39 Old Footprint=0603_CAP New Footprint=0603_CAP
Change Physical Footprint: Designator=C40 Old Footprint=0603_CAP New Footprint=0603_CAP
Change Physical Footprint: Designator=C41 Old Footprint=0805_CAP New Footprint=0805_CAP
Change Physical Footprint: Designator=C42 Old Footprint=0805_CAP New Footprint=0805_CAP
Change Physical Footprint: Designator=C43 Old Footprint=1210_CAP New Footprint=1210_CAP
Change Physical Footprint: Designator=C44 Old Footprint=1210_CAP New Footprint=1210_CAP
Change Physical Footprint: Designator=C45 Old Footprint=6.60x6.60x8.00mm_E_CAP New Footprint=6.60x6.60x8.00mm_E_CAP
Change Physical Footprint: Designator=C46 Old Footprint=6.60x6.60x8.00mm_E_CAP New Footprint=6.60x6.60x8.00mm_E_CAP
Change Physical Footprint: Designator=C47 Old Footprint=6.60x6.60x8.00mm_E_CAP New Footprint=6.60x6.60x8.00mm_E_CAP
Change Physical Footprint: Designator=D1 Old Footprint=SOD-123F New Footprint=SOD-123F
Change Physical Footprint: Designator=D2 Old Footprint=0805_LED New Footprint=0805_LED
Change Physical Footprint: Designator=D3 Old Footprint=0805_LED New Footprint=0805_LED
Change Physical Footprint: Designator=F Old Footprint=1206_RES New Footprint=1206_RES
Change Physical Footprint: Designator=IC1 Old Footprint=QFP50P1600X1600X160-100N New Footprint=QFP50P1600X1600X160-100N
Change Physical Footprint: Designator=L1 Old Footprint=SRR1280-150M New Footprint=SRR1280-150M
Change Physical Footprint: Designator=R1 Old Footprint=0603_RES New Footprint=0603_RES
Change Physical Footprint: Designator=R2 Old Footprint=0603_RES New Footprint=0603_RES
Change Physical Footprint: Designator=R3 Old Footprint=0603_RES New Footprint=0603_RES
Change Physical Footprint: Designator=R4 Old Footprint=0805_RES New Footprint=0805_RES
Change Physical Footprint: Designator=R5 Old Footprint=0603_RES New Footprint=0603_RES
Change Physical Footprint: Designator=R6 Old Footprint=0805_RES New Footprint=0805_RES
Change Physical Footprint: Designator=S1 Old Footprint=6mmTactileSwitch_ThroughHole New Footprint=6mmTactileSwitch_ThroughHole
Change Physical Footprint: Designator=S2 Old Footprint=DS04254201BKSMTTR New Footprint=DS04254201BKSMTTR
Change Physical Footprint: Designator=U1 Old Footprint=DPAK3_TO-252-3 New Footprint=DPAK3_TO-252-3
Change Physical Footprint: Designator=U2 Old Footprint=MICROCHIP_TO-263 New Footprint=MICROCHIP_TO-263
Change Physical Footprint: Designator=X1 Old Footprint=XT30PWM New Footprint=XT30PWM
Change Physical Footprint: Designator=X2 Old Footprint=HeaderPad New Footprint=HeaderPad
Change Physical Footprint: Designator=X3 Old Footprint=HeaderPad New Footprint=HeaderPad
Change Physical Footprint: Designator=X4 Old Footprint=GenericPinHeader(.1in) New Footprint=GenericPinHeader(.1in)
Change Physical Footprint: Designator=X5 Old Footprint=GenericPinHeader(.1in) New Footprint=GenericPinHeader(.1in)
Change Physical Footprint: Designator=X6 Old Footprint=GenericPinHeader(.1in) New Footprint=GenericPinHeader(.1in)
Change Physical Footprint: Designator=X7 Old Footprint=GenericPinHeader(.1in) New Footprint=GenericPinHeader(.1in)
Change Physical Footprint: Designator=X8 Old Footprint=GenericPinHeader(.1in) New Footprint=GenericPinHeader(.1in)
Change Physical Footprint: Designator=X9 Old Footprint=GenericPinHeader(.1in) New Footprint=GenericPinHeader(.1in)
Change Physical Footprint: Designator=Y1 Old Footprint=ECS-80-18 New Footprint=ECS-80-18
