Change Component Designator: OldDesignator=C? NewDesignator=C31
Change Component Designator: OldDesignator=C? NewDesignator=C32
Change Component Designator: OldDesignator=C? NewDesignator=C33
Change Component Designator: OldDesignator=R? NewDesignator=R5
Change Component Designator: OldDesignator=S? NewDesignator=S2
Change Component Designator: OldDesignator=X? NewDesignator=X4
Change Component Designator: OldDesignator=X? NewDesignator=X5
Change Component Designator: OldDesignator=X? NewDesignator=X6
Change Component Designator: OldDesignator=X? NewDesignator=X7
Change Component Designator: OldDesignator=X? NewDesignator=X8
Change Component Designator: OldDesignator=X? NewDesignator=X9
Change Net Name : Old Net Name=NetC?_2 New Net Name=NetC31_2
Added Pin To Net: NetName=NetC32_2 Pin=C32-2
Added Pin To Net: NetName=NetC32_2 Pin=IC1-67
Added Net: Name=NetC32_2
Added Pin To Net: NetName=NetC33_2 Pin=C33-2
Added Pin To Net: NetName=NetC33_2 Pin=IC1-94
Added Net: Name=NetC33_2
Added Member To Class: ClassName=MCU Member=Component C31 Capacitor
Added Member To Class: ClassName=MCU Member=Component C32 Capacitor
Added Member To Class: ClassName=MCU Member=Component X4 GenericPinHeader(0.1in)
Added Member To Class: ClassName=MCU Member=Component X5 GenericPinHeader(0.1in)
Added Member To Class: ClassName=MCU Member=Component X6 GenericPinHeader(0.1in)
Added Member To Class: ClassName=MCU Member=Component X7 GenericPinHeader(0.1in)
Added Member To Class: ClassName=MCU Member=Component X8 GenericPinHeader(0.1in)
